<?xml version="1.0" encoding="UTF-8"?>
<!-- Generated by org.testng.reporters.JUnitReportReporter -->
<testsuite hostname="DESKTOP-T5M0EE7" name="com.myFramework.Tests.Test2" tests="1" failures="0" timestamp="10 Apr 2018 17:23:40 GMT" time="3.147" errors="0">
  <testcase name="myfunction" time="3.147" classname="com.myFramework.Tests.Test2"/>
</testsuite> <!-- com.myFramework.Tests.Test2 -->
