<?xml version="1.0" encoding="UTF-8"?>
<!-- Generated by org.testng.reporters.JUnitReportReporter -->
<testsuite hostname="DESKTOP-T5M0EE7" name="com.myFramework.Tests.TestCases" tests="3" failures="0" timestamp="10 Apr 2018 17:20:04 GMT" time="180.021" errors="0">
  <testcase name="searchInGoogle" time="9.853" classname="com.myFramework.Tests.TestCases"/>
  <testcase name="searchInGoogle" time="9.114" classname="com.myFramework.Tests.TestCases"/>
  <testcase name="searchInGoogle" time="161.054" classname="com.myFramework.Tests.TestCases"/>
</testsuite> <!-- com.myFramework.Tests.TestCases -->
